<?xml version="1.0" encoding="UTF-8"?>
<!-- Generated by org.testng.reporters.JUnitXMLReporter -->
<testsuite ignored="0" hostname="Debjyoti" failures="0" tests="5" name="Test" time="76.558" errors="0" timestamp="2025-08-07T02:26:34 IST">
  <testcase classname="testCases.TC_002LoginTestDDT" name="verifyLoginTestDDT" time="10.489"/>
  <testcase classname="testCases.TC_002LoginTestDDT" name="verifyLoginTestDDT" time="9.168"/>
  <testcase classname="testCases.TC_002LoginTestDDT" name="verifyLoginTestDDT" time="18.465"/>
  <testcase classname="testCases.TC_002LoginTestDDT" name="verifyLoginTestDDT" time="18.653"/>
  <testcase classname="testCases.TC_002LoginTestDDT" name="verifyLoginTestDDT" time="9.414"/>
</testsuite> <!-- Test -->
