<?xml version="1.0" encoding="UTF-8"?>
<!-- Generated by org.testng.reporters.JUnitXMLReporter -->
<testsuite ignored="0" hostname="Debjyoti" failures="0" tests="5" name="Test" time="73.822" errors="0" timestamp="2025-08-05T19:57:26 IST">
  <testcase classname="testCases.TC_002LoginTest" name="verifyLoginTestDDT" time="9.579"/>
  <testcase classname="testCases.TC_002LoginTest" name="verifyLoginTestDDT" time="9.068"/>
  <testcase classname="testCases.TC_002LoginTest" name="verifyLoginTestDDT" time="18.634"/>
  <testcase classname="testCases.TC_002LoginTest" name="verifyLoginTestDDT" time="18.644"/>
  <testcase classname="testCases.TC_002LoginTest" name="verifyLoginTestDDT" time="9.394"/>
</testsuite> <!-- Test -->
