<?xml version="1.0" encoding="UTF-8"?>
<!-- Generated by org.testng.reporters.JUnitXMLReporter -->
<testsuite ignored="0" hostname="Debjyoti" failures="0" tests="5" name="TestEdge" time="85.357" errors="0" timestamp="2025-08-10T13:31:20 IST">
  <testcase classname="testCases.TC_002LoginTestDDT" name="verifyLoginTestDDT" time="13.83"/>
  <testcase classname="testCases.TC_002LoginTestDDT" name="verifyLoginTestDDT" time="10.155"/>
  <testcase classname="testCases.TC_002LoginTestDDT" name="verifyLoginTestDDT" time="19.763"/>
  <testcase classname="testCases.TC_002LoginTestDDT" name="verifyLoginTestDDT" time="19.669"/>
  <testcase classname="testCases.TC_002LoginTestDDT" name="verifyLoginTestDDT" time="10.014"/>
</testsuite> <!-- TestEdge -->
