<?xml version="1.0" encoding="UTF-8"?>
<testng-results ignored="0" total="5" passed="5" failed="0" skipped="0">
  <reporter-output>
  </reporter-output>
  <suite started-at="2025-08-07T02:25:16 IST" name="Suite" finished-at="2025-08-07T02:26:32 IST" duration-ms="76558">
    <groups>
    </groups>
    <test started-at="2025-08-07T02:25:16 IST" name="Test" finished-at="2025-08-07T02:26:32 IST" duration-ms="76558">
      <class name="testCases.TC_002LoginTestDDT">
        <test-method is-config="true" signature="setup(java.lang.String,java.lang.String)[pri:0, instance:testCases.TC_002LoginTestDDT@6a55299e]" started-at="2025-08-07T02:25:16 IST" name="setup" finished-at="2025-08-07T02:25:23 IST" duration-ms="6492" status="PASS">
          <params>
            <param index="0">
              <value>
                <![CDATA[windows]]>
              </value>
            </param>
            <param index="1">
              <value>
                <![CDATA[edge]]>
              </value>
            </param>
          </params>
          <reporter-output>
          </reporter-output>
        </test-method> <!-- setup -->
        <test-method signature="verifyLoginTestDDT(java.lang.String,java.lang.String,java.lang.String)[pri:0, instance:testCases.TC_002LoginTestDDT@6a55299e]" started-at="2025-08-07T02:25:25 IST" name="verifyLoginTestDDT" data-provider="LoginData" finished-at="2025-08-07T02:25:35 IST" duration-ms="10489" status="PASS">
          <params>
            <param index="0">
              <value>
                <![CDATA[abcd9855@gmail.com]]>
              </value>
            </param>
            <param index="1">
              <value>
                <![CDATA[Password]]>
              </value>
            </param>
            <param index="2">
              <value>
                <![CDATA[Valid]]>
              </value>
            </param>
          </params>
          <reporter-output>
          </reporter-output>
        </test-method> <!-- verifyLoginTestDDT -->
        <test-method signature="verifyLoginTestDDT(java.lang.String,java.lang.String,java.lang.String)[pri:0, instance:testCases.TC_002LoginTestDDT@6a55299e]" started-at="2025-08-07T02:25:36 IST" name="verifyLoginTestDDT" data-provider="LoginData" finished-at="2025-08-07T02:25:45 IST" duration-ms="9168" status="PASS">
          <params>
            <param index="0">
              <value>
                <![CDATA[lakshmi@yahoo.com]]>
              </value>
            </param>
            <param index="1">
              <value>
                <![CDATA[Laxmi]]>
              </value>
            </param>
            <param index="2">
              <value>
                <![CDATA[valid]]>
              </value>
            </param>
          </params>
          <reporter-output>
          </reporter-output>
        </test-method> <!-- verifyLoginTestDDT -->
        <test-method signature="verifyLoginTestDDT(java.lang.String,java.lang.String,java.lang.String)[pri:0, instance:testCases.TC_002LoginTestDDT@6a55299e]" started-at="2025-08-07T02:25:45 IST" name="verifyLoginTestDDT" data-provider="LoginData" finished-at="2025-08-07T02:26:03 IST" duration-ms="18465" status="PASS">
          <params>
            <param index="0">
              <value>
                <![CDATA[laksh@yahoo.com]]>
              </value>
            </param>
            <param index="1">
              <value>
                <![CDATA[Lakshmi67]]>
              </value>
            </param>
            <param index="2">
              <value>
                <![CDATA[invalid]]>
              </value>
            </param>
          </params>
          <reporter-output>
          </reporter-output>
        </test-method> <!-- verifyLoginTestDDT -->
        <test-method signature="verifyLoginTestDDT(java.lang.String,java.lang.String,java.lang.String)[pri:0, instance:testCases.TC_002LoginTestDDT@6a55299e]" started-at="2025-08-07T02:26:04 IST" name="verifyLoginTestDDT" data-provider="LoginData" finished-at="2025-08-07T02:26:22 IST" duration-ms="18653" status="PASS">
          <params>
            <param index="0">
              <value>
                <![CDATA[laks@yahoo.com]]>
              </value>
            </param>
            <param index="1">
              <value>
                <![CDATA[xyz]]>
              </value>
            </param>
            <param index="2">
              <value>
                <![CDATA[invalid]]>
              </value>
            </param>
          </params>
          <reporter-output>
          </reporter-output>
        </test-method> <!-- verifyLoginTestDDT -->
        <test-method signature="verifyLoginTestDDT(java.lang.String,java.lang.String,java.lang.String)[pri:0, instance:testCases.TC_002LoginTestDDT@6a55299e]" started-at="2025-08-07T02:26:22 IST" name="verifyLoginTestDDT" data-provider="LoginData" finished-at="2025-08-07T02:26:32 IST" duration-ms="9414" status="PASS">
          <params>
            <param index="0">
              <value>
                <![CDATA[abc123@gmail.com]]>
              </value>
            </param>
            <param index="1">
              <value>
                <![CDATA[test@123]]>
              </value>
            </param>
            <param index="2">
              <value>
                <![CDATA[Valid]]>
              </value>
            </param>
          </params>
          <reporter-output>
          </reporter-output>
        </test-method> <!-- verifyLoginTestDDT -->
        <test-method is-config="true" signature="tearDown()[pri:0, instance:testCases.TC_002LoginTestDDT@6a55299e]" started-at="2025-08-07T02:26:32 IST" name="tearDown" finished-at="2025-08-07T02:26:32 IST" duration-ms="431" status="PASS">
          <reporter-output>
          </reporter-output>
        </test-method> <!-- tearDown -->
      </class> <!-- testCases.TC_002LoginTestDDT -->
    </test> <!-- Test -->
  </suite> <!-- Suite -->
</testng-results>
