<?xml version="1.0" encoding="UTF-8"?>
<testng-results ignored="0" total="2" passed="2" failed="0" skipped="0">
  <reporter-output>
  </reporter-output>
  <suite started-at="2025-08-05T01:38:52 IST" name="Suite" finished-at="2025-08-05T01:39:04 IST" duration-ms="12255">
    <groups>
    </groups>
    <test started-at="2025-08-05T01:38:52 IST" name="Test" finished-at="2025-08-05T01:39:03 IST" duration-ms="11797">
      <class name="testCases.TC_001AccountRegistration">
        <test-method is-config="true" signature="setup(java.lang.String,java.lang.String)[pri:0, instance:testCases.TC_001AccountRegistration@79179359]" started-at="2025-08-05T01:38:52 IST" name="setup" finished-at="2025-08-05T01:38:57 IST" duration-ms="5091" status="PASS">
          <params>
            <param index="0">
              <value>
                <![CDATA[windows]]>
              </value>
            </param>
            <param index="1">
              <value>
                <![CDATA[edge]]>
              </value>
            </param>
          </params>
          <reporter-output>
          </reporter-output>
        </test-method> <!-- setup -->
        <test-method signature="verify_Account_Registration()[pri:0, instance:testCases.TC_001AccountRegistration@79179359]" started-at="2025-08-05T01:38:57 IST" name="verify_Account_Registration" finished-at="2025-08-05T01:39:03 IST" duration-ms="6112" status="PASS">
          <reporter-output>
          </reporter-output>
        </test-method> <!-- verify_Account_Registration -->
        <test-method is-config="true" signature="tearDown()[pri:0, instance:testCases.TC_001AccountRegistration@79179359]" started-at="2025-08-05T01:39:03 IST" name="tearDown" finished-at="2025-08-05T01:39:03 IST" duration-ms="501" status="PASS">
          <reporter-output>
          </reporter-output>
        </test-method> <!-- tearDown -->
      </class> <!-- testCases.TC_001AccountRegistration -->
    </test> <!-- Test -->
    <test started-at="2025-08-05T01:38:52 IST" name="Test2" finished-at="2025-08-05T01:39:04 IST" duration-ms="12255">
      <class name="testCases.TC_001AccountRegistration">
        <test-method is-config="true" signature="setup(java.lang.String,java.lang.String)[pri:0, instance:testCases.TC_001AccountRegistration@61a88b8c]" started-at="2025-08-05T01:38:52 IST" name="setup" finished-at="2025-08-05T01:38:57 IST" duration-ms="5129" status="PASS">
          <params>
            <param index="0">
              <value>
                <![CDATA[windows]]>
              </value>
            </param>
            <param index="1">
              <value>
                <![CDATA[chrome]]>
              </value>
            </param>
          </params>
          <reporter-output>
          </reporter-output>
        </test-method> <!-- setup -->
        <test-method signature="verify_Account_Registration()[pri:0, instance:testCases.TC_001AccountRegistration@61a88b8c]" started-at="2025-08-05T01:38:57 IST" name="verify_Account_Registration" finished-at="2025-08-05T01:39:03 IST" duration-ms="6590" status="PASS">
          <reporter-output>
          </reporter-output>
        </test-method> <!-- verify_Account_Registration -->
        <test-method is-config="true" signature="tearDown()[pri:0, instance:testCases.TC_001AccountRegistration@61a88b8c]" started-at="2025-08-05T01:39:03 IST" name="tearDown" finished-at="2025-08-05T01:39:04 IST" duration-ms="472" status="PASS">
          <reporter-output>
          </reporter-output>
        </test-method> <!-- tearDown -->
      </class> <!-- testCases.TC_001AccountRegistration -->
    </test> <!-- Test2 -->
  </suite> <!-- Suite -->
</testng-results>
